0 info it worked if it ends with ok
1 verbose cli [ '/usr/local/bin/node',
1 verbose cli   '/usr/local/bin/npm',
1 verbose cli   'i',
1 verbose cli   '--save',
1 verbose cli   'git://github.com/Meehoki/node-coordinator' ]
2 info using npm@1.4.28
3 info using node@v0.10.33
4 verbose readDependencies using package.json deps
5 verbose cache add [ 'git://github.com/Meehoki/node-coordinator', null ]
6 verbose cache add name=undefined spec="git://github.com/Meehoki/node-coordinator" args=["git://github.com/Meehoki/node-coordinator",null]
7 verbose parsed url { protocol: 'git:',
7 verbose parsed url   slashes: true,
7 verbose parsed url   auth: null,
7 verbose parsed url   host: 'github.com',
7 verbose parsed url   port: null,
7 verbose parsed url   hostname: 'github.com',
7 verbose parsed url   hash: null,
7 verbose parsed url   search: null,
7 verbose parsed url   query: null,
7 verbose parsed url   pathname: '/Meehoki/node-coordinator',
7 verbose parsed url   path: '/Meehoki/node-coordinator',
7 verbose parsed url   href: 'git://github.com/Meehoki/node-coordinator' }
8 silly lockFile 9a38dde7-hub-com-Meehoki-node-coordinator git://github.com/Meehoki/node-coordinator
9 verbose lock git://github.com/Meehoki/node-coordinator /home/chairfield/.npm/9a38dde7-hub-com-Meehoki-node-coordinator.lock
10 verbose addRemoteGit [ 'git://github.com/Meehoki/node-coordinator', 'master' ]
11 error git clone git://github.com/Meehoki/node-coordinator Cloning into bare repository '/home/chairfield/.npm/_git-remotes/git-github-com-Meehoki-node-coordinator-9a38dde7'...
11 error git clone git://github.com/Meehoki/node-coordinator fatal: remote error:
11 error git clone git://github.com/Meehoki/node-coordinator   Repository not found.
12 silly lockFile 9a38dde7-hub-com-Meehoki-node-coordinator git://github.com/Meehoki/node-coordinator
13 silly lockFile 9a38dde7-hub-com-Meehoki-node-coordinator git://github.com/Meehoki/node-coordinator
14 error Error: Command failed: Cloning into bare repository '/home/chairfield/.npm/_git-remotes/git-github-com-Meehoki-node-coordinator-9a38dde7'...
14 error fatal: remote error:
14 error   Repository not found.
14 error
14 error     at ChildProcess.exithandler (child_process.js:648:15)
14 error     at ChildProcess.emit (events.js:98:17)
14 error     at maybeClose (child_process.js:756:16)
14 error     at Process.ChildProcess._handle.onexit (child_process.js:823:5)
15 error If you need help, you may report this *entire* log,
15 error including the npm and node versions, at:
15 error     <http://github.com/npm/npm/issues>
16 error System Linux 3.13.0-43-generic
17 error command "/usr/local/bin/node" "/usr/local/bin/npm" "i" "--save" "git://github.com/Meehoki/node-coordinator"
18 error cwd /home/chairfield/Workspace/app
19 error node -v v0.10.33
20 error npm -v 1.4.28
21 error code 128
22 verbose exit [ 1, true ]
